{"/home/luc/dev/streams/src/index.ts": {"path":"/home/luc/dev/streams/src/index.ts","statementMap":{"0":{"start":{"line":1,"column":0},"end":{"line":1,"column":34}},"1":{"start":{"line":30,"column":8},"end":{"line":30,"column":27}},"2":{"start":{"line":31,"column":8},"end":{"line":31,"column":27}},"3":{"start":{"line":25,"column":0},"end":{"line":25,"column":13}},"4":{"start":{"line":38,"column":8},"end":{"line":40,"column":11}},"5":{"start":{"line":39,"column":12},"end":{"line":39,"column":98}},"6":{"start":{"line":39,"column":67},"end":{"line":39,"column":95}},"7":{"start":{"line":44,"column":22},"end":{"line":44,"column":155}},"8":{"start":{"line":44,"column":66},"end":{"line":44,"column":152}},"9":{"start":{"line":44,"column":129},"end":{"line":44,"column":149}},"10":{"start":{"line":45,"column":8},"end":{"line":45,"column":53}},"11":{"start":{"line":49,"column":8},"end":{"line":51,"column":11}},"12":{"start":{"line":50,"column":12},"end":{"line":50,"column":100}},"13":{"start":{"line":50,"column":78},"end":{"line":50,"column":97}},"14":{"start":{"line":35,"column":0},"end":{"line":35,"column":13}},"15":{"start":{"line":57,"column":22},"end":{"line":59,"column":10}},"16":{"start":{"line":58,"column":12},"end":{"line":58,"column":114}},"17":{"start":{"line":58,"column":73},"end":{"line":58,"column":113}},"18":{"start":{"line":58,"column":76},"end":{"line":58,"column":111}},"19":{"start":{"line":61,"column":23},"end":{"line":61,"column":45}},"20":{"start":{"line":62,"column":24},"end":{"line":62,"column":58}},"21":{"start":{"line":64,"column":8},"end":{"line":64,"column":47}},"22":{"start":{"line":68,"column":8},"end":{"line":72,"column":11}},"23":{"start":{"line":69,"column":12},"end":{"line":71,"column":15}},"24":{"start":{"line":70,"column":16},"end":{"line":70,"column":26}},"25":{"start":{"line":76,"column":21},"end":{"line":76,"column":45}},"26":{"start":{"line":78,"column":8},"end":{"line":78,"column":161}},"27":{"start":{"line":78,"column":49},"end":{"line":78,"column":158}},"28":{"start":{"line":78,"column":120},"end":{"line":78,"column":155}},"29":{"start":{"line":80,"column":24},"end":{"line":80,"column":49}},"30":{"start":{"line":82,"column":23},"end":{"line":89,"column":10}},"31":{"start":{"line":83,"column":12},"end":{"line":87,"column":15}},"32":{"start":{"line":84,"column":16},"end":{"line":84,"column":43}},"33":{"start":{"line":84,"column":36},"end":{"line":84,"column":43}},"34":{"start":{"line":85,"column":16},"end":{"line":85,"column":48}},"35":{"start":{"line":86,"column":16},"end":{"line":86,"column":33}},"36":{"start":{"line":88,"column":12},"end":{"line":88,"column":42}},"37":{"start":{"line":91,"column":8},"end":{"line":94,"column":null}},"38":{"start":{"line":54,"column":0},"end":{"line":54,"column":13}}},"fnMap":{"0":{"name":"(anonymous_7)","decl":{"start":{"line":29,"column":4},"end":{"line":29,"column":16}},"loc":{"start":{"line":29,"column":52},"end":{"line":32,"column":5}}},"1":{"name":"(anonymous_8)","decl":{"start":{"line":37,"column":10},"end":{"line":37,"column":14}},"loc":{"start":{"line":37,"column":31},"end":{"line":41,"column":null}}},"2":{"name":"(anonymous_10)","decl":{"start":{"line":38,"column":32},"end":{"line":38,"column":33}},"loc":{"start":{"line":38,"column":45},"end":{"line":40,"column":9}}},"3":{"name":"(anonymous_11)","decl":{"start":{"line":39,"column":49},"end":{"line":39,"column":50}},"loc":{"start":{"line":39,"column":64},"end":{"line":39,"column":96}}},"4":{"name":"(anonymous_12)","decl":{"start":{"line":43,"column":10},"end":{"line":43,"column":13}},"loc":{"start":{"line":43,"column":13},"end":{"line":46,"column":null}}},"5":{"name":"(anonymous_14)","decl":{"start":{"line":44,"column":50},"end":{"line":44,"column":51}},"loc":{"start":{"line":44,"column":63},"end":{"line":44,"column":154}}},"6":{"name":"(anonymous_15)","decl":{"start":{"line":44,"column":98},"end":{"line":44,"column":99}},"loc":{"start":{"line":44,"column":126},"end":{"line":44,"column":150}}},"7":{"name":"(anonymous_16)","decl":{"start":{"line":48,"column":10},"end":{"line":48,"column":15}},"loc":{"start":{"line":48,"column":15},"end":{"line":52,"column":null}}},"8":{"name":"(anonymous_18)","decl":{"start":{"line":49,"column":33},"end":{"line":49,"column":34}},"loc":{"start":{"line":49,"column":46},"end":{"line":51,"column":9}}},"9":{"name":"(anonymous_19)","decl":{"start":{"line":50,"column":48},"end":{"line":50,"column":49}},"loc":{"start":{"line":50,"column":75},"end":{"line":50,"column":98}}},"10":{"name":"(anonymous_20)","decl":{"start":{"line":56,"column":10},"end":{"line":56,"column":13}},"loc":{"start":{"line":56,"column":13},"end":{"line":65,"column":null}}},"11":{"name":"(anonymous_22)","decl":{"start":{"line":57,"column":48},"end":{"line":57,"column":49}},"loc":{"start":{"line":57,"column":68},"end":{"line":59,"column":9}}},"12":{"name":"(anonymous_23)","decl":{"start":{"line":58,"column":44},"end":{"line":58,"column":51}},"loc":{"start":{"line":58,"column":73},"end":{"line":58,"column":113}}},"13":{"name":"(anonymous_24)","decl":{"start":{"line":58,"column":73},"end":{"line":58,"column":76}},"loc":{"start":{"line":58,"column":73},"end":{"line":58,"column":112}}},"14":{"name":"(anonymous_25)","decl":{"start":{"line":67,"column":10},"end":{"line":67,"column":15}},"loc":{"start":{"line":67,"column":47},"end":{"line":73,"column":null}}},"15":{"name":"(anonymous_27)","decl":{"start":{"line":68,"column":33},"end":{"line":68,"column":34}},"loc":{"start":{"line":68,"column":46},"end":{"line":72,"column":9}}},"16":{"name":"(anonymous_28)","decl":{"start":{"line":69,"column":67},"end":{"line":69,"column":70}},"loc":{"start":{"line":69,"column":72},"end":{"line":71,"column":13}}},"17":{"name":"(anonymous_29)","decl":{"start":{"line":75,"column":10},"end":{"line":75,"column":14}},"loc":{"start":{"line":75,"column":30},"end":{"line":95,"column":null}}},"18":{"name":"(anonymous_31)","decl":{"start":{"line":78,"column":26},"end":{"line":78,"column":27}},"loc":{"start":{"line":78,"column":46},"end":{"line":78,"column":159}}},"19":{"name":"(anonymous_32)","decl":{"start":{"line":78,"column":102},"end":{"line":78,"column":103}},"loc":{"start":{"line":78,"column":117},"end":{"line":78,"column":156}}},"20":{"name":"(anonymous_33)","decl":{"start":{"line":82,"column":43},"end":{"line":82,"column":44}},"loc":{"start":{"line":82,"column":56},"end":{"line":89,"column":9}}},"21":{"name":"(anonymous_34)","decl":{"start":{"line":83,"column":37},"end":{"line":83,"column":38}},"loc":{"start":{"line":83,"column":53},"end":{"line":87,"column":13}}}},"branchMap":{"0":{"loc":{"start":{"line":39,"column":73},"end":{"line":39,"column":81}},"type":"cond-expr","locations":[{"start":{"line":39,"column":73},"end":{"line":39,"column":81}},{"start":{"line":39,"column":84},"end":{"line":39,"column":94}}]},"1":{"loc":{"start":{"line":44,"column":133},"end":{"line":44,"column":139}},"type":"cond-expr","locations":[{"start":{"line":44,"column":133},"end":{"line":44,"column":139}},{"start":{"line":44,"column":142},"end":{"line":44,"column":148}}]},"2":{"loc":{"start":{"line":50,"column":82},"end":{"line":50,"column":88}},"type":"cond-expr","locations":[{"start":{"line":50,"column":82},"end":{"line":50,"column":88}},{"start":{"line":50,"column":91},"end":{"line":50,"column":96}}]},"3":{"loc":{"start":{"line":58,"column":82},"end":{"line":58,"column":93}},"type":"cond-expr","locations":[{"start":{"line":58,"column":82},"end":{"line":58,"column":93}},{"start":{"line":58,"column":96},"end":{"line":58,"column":110}}]},"4":{"loc":{"start":{"line":78,"column":126},"end":{"line":78,"column":137}},"type":"cond-expr","locations":[{"start":{"line":78,"column":126},"end":{"line":78,"column":137}},{"start":{"line":78,"column":140},"end":{"line":78,"column":154}}]},"5":{"loc":{"start":{"line":84,"column":16},"end":{"line":84,"column":43}},"type":"if","locations":[{"start":{"line":84,"column":16},"end":{"line":84,"column":43}},{"start":{"line":84,"column":16},"end":{"line":84,"column":43}}]}},"s":{"0":1,"1":8,"2":8,"3":1,"4":5,"5":5,"6":5,"7":2,"8":2,"9":2,"10":2,"11":1,"12":1,"13":1,"14":1,"15":2,"16":2,"17":2,"18":2,"19":2,"20":2,"21":2,"22":1,"23":1,"24":1,"25":3,"26":3,"27":3,"28":3,"29":3,"30":3,"31":3,"32":3,"33":2,"34":1,"35":1,"36":3,"37":3,"38":1},"f":{"0":8,"1":5,"2":5,"3":5,"4":2,"5":2,"6":2,"7":1,"8":1,"9":1,"10":2,"11":2,"12":2,"13":2,"14":1,"15":1,"16":1,"17":3,"18":3,"19":3,"20":3,"21":3},"b":{"0":[0,5],"1":[0,2],"2":[0,1],"3":[0,2],"4":[0,3],"5":[2,1]}}
}
