TN:
SF:src/index.ts
FN:29,(anonymous_7)
FN:37,(anonymous_8)
FN:38,(anonymous_10)
FN:39,(anonymous_11)
FN:43,(anonymous_12)
FN:44,(anonymous_14)
FN:44,(anonymous_15)
FN:48,(anonymous_16)
FN:49,(anonymous_18)
FN:50,(anonymous_19)
FN:56,(anonymous_20)
FN:57,(anonymous_22)
FN:58,(anonymous_23)
FN:58,(anonymous_24)
FN:67,(anonymous_25)
FN:68,(anonymous_27)
FN:69,(anonymous_28)
FN:75,(anonymous_29)
FN:78,(anonymous_31)
FN:78,(anonymous_32)
FN:82,(anonymous_33)
FN:83,(anonymous_34)
FNF:22
FNH:22
FNDA:8,(anonymous_7)
FNDA:5,(anonymous_8)
FNDA:5,(anonymous_10)
FNDA:5,(anonymous_11)
FNDA:2,(anonymous_12)
FNDA:2,(anonymous_14)
FNDA:2,(anonymous_15)
FNDA:1,(anonymous_16)
FNDA:1,(anonymous_18)
FNDA:1,(anonymous_19)
FNDA:2,(anonymous_20)
FNDA:2,(anonymous_22)
FNDA:2,(anonymous_23)
FNDA:2,(anonymous_24)
FNDA:1,(anonymous_25)
FNDA:1,(anonymous_27)
FNDA:1,(anonymous_28)
FNDA:3,(anonymous_29)
FNDA:3,(anonymous_31)
FNDA:3,(anonymous_32)
FNDA:3,(anonymous_33)
FNDA:3,(anonymous_34)
DA:1,1
DA:25,1
DA:30,8
DA:31,8
DA:35,1
DA:38,5
DA:39,5
DA:44,2
DA:45,2
DA:49,1
DA:50,1
DA:54,1
DA:57,2
DA:58,2
DA:61,2
DA:62,2
DA:64,2
DA:68,1
DA:69,1
DA:70,1
DA:76,3
DA:78,3
DA:80,3
DA:82,3
DA:83,3
DA:84,3
DA:85,1
DA:86,1
DA:88,3
DA:91,3
LF:30
LH:30
BRDA:39,0,0,0
BRDA:39,0,1,5
BRDA:44,1,0,0
BRDA:44,1,1,2
BRDA:50,2,0,0
BRDA:50,2,1,1
BRDA:58,3,0,0
BRDA:58,3,1,2
BRDA:78,4,0,0
BRDA:78,4,1,3
BRDA:84,5,0,2
BRDA:84,5,1,1
BRF:12
BRH:7
end_of_record
